<?xml version="1.0" encoding="UTF-8"?>
<testng-results skipped="0" failed="0" ignored="0" total="1" passed="1">
  <reporter-output>
    <line>
      <![CDATA[Web Browser launched successfully]]>
    </line>
    <line>
      <![CDATA[Step 1: UoS-ST Portal Home Page Launched Successfully - PASSED]]>
    </line>
    <line>
      <![CDATA[Step 2: UoS-ST Sign-In completed successfully - PASSED]]>
    </line>
    <line>
      <![CDATA[Final: UoS-SysTest completed successfully]]>
    </line>
  </reporter-output>
  <suite name="SDC Regression Test Suite" duration-ms="10507" started-at="2022-10-26T13:56:40Z" finished-at="2022-10-26T13:56:50Z">
    <groups>
    </groups>
    <test name="SysTest MRC Process" duration-ms="10507" started-at="2022-10-26T13:56:40Z" finished-at="2022-10-26T13:56:50Z">
      <class name="testCases.SysTestFileProcessing">
        <test-method status="PASS" signature="beforeMethod(java.lang.String, java.lang.String)[pri:0, instance:testCases.SysTestFileProcessing@91161c7]" name="beforeMethod" is-config="true" duration-ms="7543" started-at="2022-10-26T14:56:40Z" finished-at="2022-10-26T14:56:47Z">
          <params>
            <param index="0">
              <value>
                <![CDATA[Chrome]]>
              </value>
            </param>
            <param index="1">
              <value>
                <![CDATA[ST]]>
              </value>
            </param>
          </params>
          <reporter-output>
            <line>
              <![CDATA[Web Browser launched successfully]]>
            </line>
          </reporter-output>
        </test-method> <!-- beforeMethod -->
        <test-method status="PASS" signature="SysTestMRCFileProcessing(java.lang.String, java.lang.String, java.lang.String)[pri:1, instance:testCases.SysTestFileProcessing@91161c7]" name="SysTestMRCFileProcessing" duration-ms="2943" started-at="2022-10-26T14:56:47Z" finished-at="2022-10-26T14:56:50Z">
          <params>
            <param index="0">
              <value>
                <![CDATA[clement@london]]>
              </value>
            </param>
            <param index="1">
              <value>
                <![CDATA[SDCLogin321111111$]]>
              </value>
            </param>
            <param index="2">
              <value>
                <![CDATA[ST]]>
              </value>
            </param>
          </params>
          <reporter-output>
            <line>
              <![CDATA[Step 1: UoS-ST Portal Home Page Launched Successfully - PASSED]]>
            </line>
            <line>
              <![CDATA[Step 2: UoS-ST Sign-In completed successfully - PASSED]]>
            </line>
            <line>
              <![CDATA[Final: UoS-SysTest completed successfully]]>
            </line>
          </reporter-output>
        </test-method> <!-- SysTestMRCFileProcessing -->
        <test-method status="PASS" signature="afterMethod()[pri:0, instance:testCases.SysTestFileProcessing@91161c7]" name="afterMethod" is-config="true" duration-ms="1" started-at="2022-10-26T14:56:50Z" finished-at="2022-10-26T14:56:50Z">
          <reporter-output>
          </reporter-output>
        </test-method> <!-- afterMethod -->
      </class> <!-- testCases.SysTestFileProcessing -->
    </test> <!-- SysTest MRC Process -->
  </suite> <!-- SDC Regression Test Suite -->
</testng-results>
