<?xml version="1.0" encoding="UTF-8"?>
<!-- Generated by org.testng.reporters.JUnitXMLReporter -->
<testsuite hostname="vmsdcuksat01" ignored="0" name="Downloaded CSV Files Comparison - ST Vs UAT" tests="1" failures="1" timestamp="24 Jul 2019 14:20:22 GMT" time="0.219" errors="0">
  <testcase name="Execute" time="0.047" classname="testCases.FieldsDownloadedFromTestPortalShouldMatchTheFieldsDownloadedFromBaselinedPortal">
    <failure type="java.lang.Exception">
      <![CDATA[java.lang.Exception
	at utility.Utils.takeScreenshot(Utils.java:186)
	at testCases.FieldsDownloadedFromTestPortalShouldMatchTheFieldsDownloadedFromBaselinedPortal.Execute(FieldsDownloadedFromTestPortalShouldMatchTheFieldsDownloadedFromBaselinedPortal.java:61)
... Removed 25 stack frames]]>
    </failure>
  </testcase> <!-- Execute -->
</testsuite> <!-- Downloaded CSV Files Comparison - ST Vs UAT -->
