<?xml version="1.0" encoding="UTF-8"?>
<!-- Generated by org.testng.reporters.JUnitXMLReporter -->
<testsuite hostname="MKNB1181" ignored="0" name="MRC Email XML Comparison(UAT) - Downloaded Vs Email File" tests="1" failures="1" timestamp="25 Oct 2022 14:21:58 GMT" time="0.015" errors="0">
  <testcase name="Execute" time="0.0" classname="testCases.AcordDownloadedShouldMatchAcordInEmailedFile">
    <failure type="java.lang.Exception" message=" &amp;amp; Test Case Failed because of Endorsement XML(Part-1) verification &amp;amp; Test Case Failed because of Section-1 XML(Part-2) verification">
      <![CDATA[java.lang.Exception:  & Test Case Failed because of Endorsement XML(Part-1) verification & Test Case Failed because of Section-1 XML(Part-2) verification
	at testCases.AcordDownloadedShouldMatchAcordInEmailedFile.Execute(AcordDownloadedShouldMatchAcordInEmailedFile.java:94)
... Removed 25 stack frames]]>
    </failure>
  </testcase> <!-- Execute -->
</testsuite> <!-- MRC Email XML Comparison(UAT) - Downloaded Vs Email File -->
