<?xml version="1.0" encoding="UTF-8"?>
<!-- Generated by org.testng.reporters.JUnitXMLReporter -->
<testsuite hostname="MKNB1181" ignored="0" name="MRC Downloaded CSV Fields Comparison - ST Vs UAT" tests="1" failures="1" timestamp="25 Oct 2022 14:21:57 GMT" time="0.016" errors="0">
  <testcase name="Execute" time="0.0" classname="testCases.FieldsDownloadedFromTestPortalShouldMatchTheFieldsDownloadedFromBaselinedPortal">
    <failure type="java.lang.Exception" message="Test Case Failed because of verification">
      <![CDATA[java.lang.Exception: Test Case Failed because of verification
	at testCases.FieldsDownloadedFromTestPortalShouldMatchTheFieldsDownloadedFromBaselinedPortal.Execute(FieldsDownloadedFromTestPortalShouldMatchTheFieldsDownloadedFromBaselinedPortal.java:49)
... Removed 25 stack frames]]>
    </failure>
  </testcase> <!-- Execute -->
</testsuite> <!-- MRC Downloaded CSV Fields Comparison - ST Vs UAT -->
