<?xml version="1.0" encoding="UTF-8"?>
<!-- Generated by org.testng.reporters.JUnitXMLReporter -->
<testsuite hostname="vmsdcuksat01" ignored="0" name="MRC Email Fields Comparison(ST) - On Page Vs Email File" tests="1" failures="1" timestamp="23 Aug 2019 15:17:55 GMT" time="0.263" errors="0">
  <testcase name="Execute" time="0.215" classname="testCases.FieldsOnPageShouldMatchTheFieldsInEmailedFile">
    <failure type="java.lang.Exception" message="Test Case Failed because of verification">
      <![CDATA[java.lang.Exception: Test Case Failed because of verification
	at testCases.FieldsOnPageShouldMatchTheFieldsInEmailedFile.Execute(FieldsOnPageShouldMatchTheFieldsInEmailedFile.java:54)
... Removed 25 stack frames]]>
    </failure>
  </testcase> <!-- Execute -->
</testsuite> <!-- MRC Email Fields Comparison(ST) - On Page Vs Email File -->
