<?xml version="1.0" encoding="UTF-8"?>
<!-- Generated by org.testng.reporters.JUnitXMLReporter -->
<testsuite hostname="MKNB1181" ignored="0" name="MRC Fields Comparison(ST) - OnPage Vs Downloaded File" tests="1" failures="1" timestamp="25 Oct 2022 14:21:52 GMT" time="5.028" errors="0">
  <testcase name="Execute" time="5.011" classname="testCases.FieldsOnPageShouldMatchTheFieldsInDownloadedFile">
    <failure type="java.lang.Exception" message="Test Case Failed because of verification">
      <![CDATA[java.lang.Exception: Test Case Failed because of verification
	at testCases.FieldsOnPageShouldMatchTheFieldsInDownloadedFile.Execute(FieldsOnPageShouldMatchTheFieldsInDownloadedFile.java:49)
... Removed 25 stack frames]]>
    </failure>
  </testcase> <!-- Execute -->
</testsuite> <!-- MRC Fields Comparison(ST) - OnPage Vs Downloaded File -->
