<?xml version="1.0" encoding="UTF-8"?>
<!-- Generated by org.testng.reporters.JUnitXMLReporter -->
<testsuite hostname="vmsdcuksat01" ignored="0" name="MRC Fields Comparison(UAT) - On Page Vs Downloaded File" tests="1" failures="1" timestamp="23 Aug 2019 15:17:54 GMT" time="5.283" errors="0">
  <testcase name="Execute" time="5.196" classname="testCases.FieldsOnPageShouldMatchTheFieldsInDownloadedFile">
    <failure type="java.lang.Exception" message="Test Case Failed because of verification">
      <![CDATA[java.lang.Exception: Test Case Failed because of verification
	at testCases.FieldsOnPageShouldMatchTheFieldsInDownloadedFile.Execute(FieldsOnPageShouldMatchTheFieldsInDownloadedFile.java:49)
... Removed 25 stack frames]]>
    </failure>
  </testcase> <!-- Execute -->
</testsuite> <!-- MRC Fields Comparison(UAT) - On Page Vs Downloaded File -->
