<?xml version="1.0" encoding="UTF-8"?>
<!-- Generated by org.testng.reporters.JUnitXMLReporter -->
<testsuite hostname="vmsdcuksat01" ignored="0" name="MRC XML Comparison(ST) - On Page Vs Email File" tests="1" failures="1" timestamp="23 Aug 2019 15:17:56 GMT" time="0.071" errors="0">
  <testcase name="Execute" time="0.006" classname="testCases.AcordOnPageShouldMatchAcordInEmailedFile">
    <failure type="java.lang.Exception" message=" &amp;amp; Test Case Failed because of Endorsement XML(Part-1) verification &amp;amp; Test Case Failed because of Section-1 XML(Part-2) verification">
      <![CDATA[java.lang.Exception:  & Test Case Failed because of Endorsement XML(Part-1) verification & Test Case Failed because of Section-1 XML(Part-2) verification
	at testCases.AcordOnPageShouldMatchAcordInEmailedFile.Execute(AcordOnPageShouldMatchAcordInEmailedFile.java:93)
... Removed 25 stack frames]]>
    </failure>
  </testcase> <!-- Execute -->
</testsuite> <!-- MRC XML Comparison(ST) - On Page Vs Email File -->
