<?xml version="1.0" encoding="UTF-8"?>
<!-- Generated by org.testng.reporters.JUnitXMLReporter -->
<testsuite hostname="vmsdcuksat01" ignored="0" name="MRC Field Comparision - ST Vs UAT" tests="1" failures="1" timestamp="10 Jul 2019 09:10:10 GMT" time="2.084" errors="0">
  <testcase name="Execute" time="2.006" classname="testCases.FieldsDisplayedOnTestPortalShouldMatchTheFieldsDisplayedOnBaselinedPortal">
    <failure type="java.lang.Exception">
      <![CDATA[java.lang.Exception
	at utility.Utils.takeScreenshot(Utils.java:156)
	at testCases.FieldsDisplayedOnTestPortalShouldMatchTheFieldsDisplayedOnBaselinedPortal.Execute(FieldsDisplayedOnTestPortalShouldMatchTheFieldsDisplayedOnBaselinedPortal.java:43)
... Removed 25 stack frames]]>
    </failure>
  </testcase> <!-- Execute -->
</testsuite> <!-- MRC Field Comparision - ST Vs UAT -->
