<?xml version="1.0" encoding="UTF-8"?>
<!-- Generated by org.testng.reporters.JUnitXMLReporter -->
<testsuite hostname="MKNB1181" ignored="0" name="MRC Fields Comparison OnPage - ST Vs UAT" tests="1" failures="1" timestamp="25 Oct 2022 14:48:35 GMT" time="0.016" errors="0">
  <testcase name="Execute" time="0.006" classname="testCases.FieldsDisplayedOnTestPortalShouldMatchTheFieldsDisplayedOnBaselinedPortal">
    <failure type="java.lang.Exception" message="Test Case Failed because of verification">
      <![CDATA[java.lang.Exception: Test Case Failed because of verification
	at testCases.FieldsDisplayedOnTestPortalShouldMatchTheFieldsDisplayedOnBaselinedPortal.Execute(FieldsDisplayedOnTestPortalShouldMatchTheFieldsDisplayedOnBaselinedPortal.java:51)
... Removed 25 stack frames]]>
    </failure>
  </testcase> <!-- Execute -->
</testsuite> <!-- MRC Fields Comparison OnPage - ST Vs UAT -->
